<?xml version="1.0" encoding="UTF-8"?>
<testng-results ignored="0" total="2" passed="2" failed="0" skipped="0">
  <reporter-output>
  </reporter-output>
  <suite started-at="2021-09-08T17:49:18 EDT" name="Suite" finished-at="2021-09-08T17:49:34 EDT" duration-ms="16601">
    <groups>
      <group name="cucumber">
        <method signature="AbstractTestNGCucumberTests.runScenario(io.cucumber.testng.PickleWrapper, io.cucumber.testng.FeatureWrapper)[pri:0, instance:com.osa.runners.RunQA@53aad5d5]" name="runScenario" class="io.cucumber.testng.AbstractTestNGCucumberTests"/>
      </group> <!-- cucumber -->
    </groups>
    <test started-at="2021-09-08T17:49:18 EDT" name="Test" finished-at="2021-09-08T17:49:34 EDT" duration-ms="16601">
      <class name="com.osa.runners.RunQA">
        <test-method is-config="true" signature="setUpClass()[pri:0, instance:com.osa.runners.RunQA@53aad5d5]" started-at="2021-09-08T17:49:18 EDT" name="setUpClass" finished-at="2021-09-08T17:49:18 EDT" duration-ms="284" status="PASS">
          <reporter-output>
          </reporter-output>
        </test-method> <!-- setUpClass -->
        <test-method signature="runScenario(io.cucumber.testng.PickleWrapper, io.cucumber.testng.FeatureWrapper)[pri:0, instance:com.osa.runners.RunQA@53aad5d5]" started-at="2021-09-08T17:49:18 EDT" name="runScenario" description="Runs Cucumber Scenarios" data-provider="scenarios" finished-at="2021-09-08T17:49:26 EDT" duration-ms="7973" status="PASS">
          <params>
            <param index="0">
              <value>
                <![CDATA["I should be able to login in OSA Forum by using valid username and password"]]>
              </value>
            </param>
            <param index="1">
              <value>
                <![CDATA["Title of your feature. I want to use this template for my feature file"]]>
              </value>
            </param>
          </params>
          <reporter-output>
          </reporter-output>
        </test-method> <!-- runScenario -->
        <test-method signature="runScenario(io.cucumber.testng.PickleWrapper, io.cucumber.testng.FeatureWrapper)[pri:0, instance:com.osa.runners.RunQA@53aad5d5]" started-at="2021-09-08T17:49:26 EDT" name="runScenario" description="Runs Cucumber Scenarios" data-provider="scenarios" finished-at="2021-09-08T17:49:33 EDT" duration-ms="7150" status="PASS">
          <params>
            <param index="0">
              <value>
                <![CDATA["I should be able to navigate to Inteview question page"]]>
              </value>
            </param>
            <param index="1">
              <value>
                <![CDATA["Title of your feature. I want to use this template for my feature file"]]>
              </value>
            </param>
          </params>
          <reporter-output>
          </reporter-output>
        </test-method> <!-- runScenario -->
        <test-method is-config="true" signature="tearDownClass()[pri:0, instance:com.osa.runners.RunQA@53aad5d5]" started-at="2021-09-08T17:49:33 EDT" name="tearDownClass" finished-at="2021-09-08T17:49:34 EDT" duration-ms="1145" status="PASS">
          <reporter-output>
          </reporter-output>
        </test-method> <!-- tearDownClass -->
      </class> <!-- com.osa.runners.RunQA -->
    </test> <!-- Test -->
  </suite> <!-- Suite -->
</testng-results>
